<?xml version="1.0" encoding="UTF-8"?>
<!-- Generated by org.testng.reporters.JUnitReportReporter -->
<testsuite skipped="0" hostname="LAPTOP-LE02I758" name="com.test.hubspot.tests.HomePageTest" tests="3" failures="0" timestamp="17 Oct 2019 08:35:11 GMT" time="95.720" errors="0">
  <testcase name="validateHomePageTitleTest" time="27.428" classname="com.test.hubspot.tests.HomePageTest"/>
  <testcase name="validateNavigationToContactsTest" time="37.288" classname="com.test.hubspot.tests.HomePageTest"/>
  <testcase name="validatedContactsIsDisplayedTest" time="31.004" classname="com.test.hubspot.tests.HomePageTest"/>
</testsuite> <!-- com.test.hubspot.tests.HomePageTest -->
