<?xml version="1.0" encoding="UTF-8"?>
<!-- Generated by org.testng.reporters.JUnitReportReporter -->
<testsuite skipped="2" hostname="LAPTOP-LE02I758" name="com.test.hubspot.tests.LoginPageTest" tests="3" failures="0" timestamp="17 Oct 2019 08:35:11 GMT" time="27.136" errors="0">
  <testcase name="validateloginTest" time="27.136" classname="com.test.hubspot.tests.LoginPageTest"/>
  <testcase name="validatetextboxIsDisplayedTest" classname="com.test.hubspot.tests.LoginPageTest">
    <skipped/>
  </testcase> <!-- validatetextboxIsDisplayedTest -->
  <testcase name="validateloginPageTitleTest" classname="com.test.hubspot.tests.LoginPageTest">
    <skipped/>
  </testcase> <!-- validateloginPageTitleTest -->
</testsuite> <!-- com.test.hubspot.tests.LoginPageTest -->
