<?xml version="1.0" encoding="UTF-8"?>
<!-- Generated by org.testng.reporters.JUnitReportReporter -->
<testsuite skipped="0" hostname="LAPTOP-LE02I758" name="com.test.hubspot.tests.ContactsPageTest" tests="3" failures="0" timestamp="17 Oct 2019 12:01:35 GMT" time="86.140" errors="0">
  <testcase name="validateContactsPageTitleTest" time="24.103" classname="com.test.hubspot.tests.ContactsPageTest"/>
  <testcase name="validateCreateContactBtnTest" time="36.271" classname="com.test.hubspot.tests.ContactsPageTest"/>
  <testcase name="validateContactsPageHeaderTest" time="25.766" classname="com.test.hubspot.tests.ContactsPageTest"/>
</testsuite> <!-- com.test.hubspot.tests.ContactsPageTest -->
